<?xml version="1.0" encoding="UTF-8"?>
<!-- Generated by org.testng.reporters.JUnitReportReporter -->
<testsuite name="com.shopclues.Demo" tests="1" time="46.111" ignored="0" failures="0" timestamp="20 Feb 2018 05:44:03 GMT" skipped="0" hostname="ICPL11474" errors="0">
  <testcase name="test" time="46.111" classname="com.shopclues.Demo"/>
</testsuite> <!-- com.shopclues.Demo -->
