<?xml version="1.0" encoding="UTF-8"?>
<!-- Generated by org.testng.reporters.JUnitReportReporter -->
<testsuite name="com.shopclues.tests.OnlinePurchase" tests="1" time="110.847" ignored="0" failures="0" timestamp="21 Feb 2018 11:51:47 GMT" skipped="0" hostname="ICPL11474" errors="0">
  <testcase name="orderProduct" time="110.847" classname="com.shopclues.tests.OnlinePurchase"/>
</testsuite> <!-- com.shopclues.tests.OnlinePurchase -->
