<?xml version="1.0" encoding="UTF-8"?>
<!-- Generated by org.testng.reporters.JUnitReportReporter -->
<testsuite name="com.qmetry.qaf.automation.step.client.Scenario" tests="1" time="71.967" ignored="0" failures="0" timestamp="21 Feb 2018 10:55:52 GMT" skipped="0" hostname="ICPL11474" errors="0">
  <testcase name="SampleTest" time="71.967" classname="com.qmetry.qaf.automation.step.client.Scenario"/>
</testsuite> <!-- com.qmetry.qaf.automation.step.client.Scenario -->
