<?xml version="1.0" encoding="UTF-8"?>
<!-- Generated by org.testng.reporters.JUnitReportReporter -->
<testsuite name="com.qmetry.qaf.automation.step.client.Scenario" tests="1" time="48.453" ignored="0" failures="0" timestamp="20 Feb 2018 11:23:32 GMT" skipped="0" hostname="ICPL11474" errors="0">
  <testcase name="SampleTest" time="48.453" classname="com.qmetry.qaf.automation.step.client.Scenario"/>
</testsuite> <!-- com.qmetry.qaf.automation.step.client.Scenario -->
